SDL/app/build/outputs/logs/manifest-merger-debug-report.txt
-- Merging decision tree log ---
manifest
ADDED from src\main\AndroidManifest.xml:5:1-91:12
INJECTED from src\main\AndroidManifest.xml:5:1-91:12
INJECTED from src\main\AndroidManifest.xml:5:1-91:12
INJECTED from src\main\AndroidManifest.xml:5:1-91:12
INJECTED from src\main\AndroidManifest.xml:5:1-91:12
INJECTED from src\main\AndroidManifest.xml:5:1-91:12
INJECTED from src\main\AndroidManifest.xml:5:1-91:12
	package
		ADDED from src\main\AndroidManifest.xml:6:5-29
		INJECTED from src\main\AndroidManifest.xml
		INJECTED from src\main\AndroidManifest.xml
	android:versionName
		ADDED from src\main\AndroidManifest.xml:8:5-30
		INJECTED from src\main\AndroidManifest.xml
		INJECTED from src\main\AndroidManifest.xml
	xmlns:android
		ADDED from src\main\AndroidManifest.xml:5:11-69
	android:versionCode
		ADDED from src\main\AndroidManifest.xml:7:5-28
		INJECTED from src\main\AndroidManifest.xml
		INJECTED from src\main\AndroidManifest.xml
	android:installLocation
		ADDED from src\main\AndroidManifest.xml:9:5-35
uses-feature#0x00020000
ADDED from src\main\AndroidManifest.xml:12:5-54
	android:glEsVersion
		ADDED from src\main\AndroidManifest.xml:12:19-51
uses-feature#android.hardware.touchscreen
ADDED from src\main\AndroidManifest.xml:15:5-17:36
	android:required
		ADDED from src\main\AndroidManifest.xml:17:9-33
	android:name
		ADDED from src\main\AndroidManifest.xml:16:9-52
uses-feature#android.hardware.bluetooth
ADDED from src\main\AndroidManifest.xml:20:5-22:36
	android:required
		ADDED from src\main\AndroidManifest.xml:22:9-33
	android:name
		ADDED from src\main\AndroidManifest.xml:21:9-50
uses-feature#android.hardware.gamepad
ADDED from src\main\AndroidManifest.xml:23:5-25:36
	android:required
		ADDED from src\main\AndroidManifest.xml:25:9-33
	android:name
		ADDED from src\main\AndroidManifest.xml:24:9-48
uses-feature#android.hardware.usb.host
ADDED from src\main\AndroidManifest.xml:26:5-28:36
	android:required
		ADDED from src\main\AndroidManifest.xml:28:9-33
	android:name
		ADDED from src\main\AndroidManifest.xml:27:9-49
uses-feature#android.hardware.type.pc
ADDED from src\main\AndroidManifest.xml:31:5-33:36
	android:required
		ADDED from src\main\AndroidManifest.xml:33:9-33
	android:name
		ADDED from src\main\AndroidManifest.xml:32:9-48
uses-permission#android.permission.WRITE_EXTERNAL_STORAGE
ADDED from src\main\AndroidManifest.xml:42:5-81
	android:name
		ADDED from src\main\AndroidManifest.xml:42:22-78
uses-permission#android.permission.BLUETOOTH
ADDED from src\main\AndroidManifest.xml:44:5-68
	android:name
		ADDED from src\main\AndroidManifest.xml:44:22-65
uses-permission#android.permission.VIBRATE
ADDED from src\main\AndroidManifest.xml:46:5-66
	android:name
		ADDED from src\main\AndroidManifest.xml:46:22-63
application
ADDED from src\main\AndroidManifest.xml:59:5-89:19
	android:label
		ADDED from src\main\AndroidManifest.xml:59:18-50
	android:hardwareAccelerated
		ADDED from src\main\AndroidManifest.xml:63:9-43
	android:icon
		ADDED from src\main\AndroidManifest.xml:60:9-43
	android:allowBackup
		ADDED from src\main\AndroidManifest.xml:61:9-35
	android:theme
		ADDED from src\main\AndroidManifest.xml:62:9-67
activity#org.libsdl.app.SDLActivity
ADDED from src\main\AndroidManifest.xml:69:9-88:20
	android:screenOrientation
		ADDED from src\main\AndroidManifest.xml:74:13-54
	android:label
		ADDED from src\main\AndroidManifest.xml:70:13-45
	android:launchMode
		ADDED from src\main\AndroidManifest.xml:72:13-48
	android:configChanges
		ADDED from src\main\AndroidManifest.xml:73:13-133
	android:alwaysRetainTaskState
		ADDED from src\main\AndroidManifest.xml:71:13-49
	android:name
		ADDED from src\main\AndroidManifest.xml:69:19-45
intent-filter#action:name:android.intent.action.MAIN+category:name:android.intent.category.LAUNCHER
ADDED from src\main\AndroidManifest.xml:76:13-79:29
action#android.intent.action.MAIN
ADDED from src\main\AndroidManifest.xml:77:17-69
	android:name
		ADDED from src\main\AndroidManifest.xml:77:25-66
category#android.intent.category.LAUNCHER
ADDED from src\main\AndroidManifest.xml:78:17-77
	android:name
		ADDED from src\main\AndroidManifest.xml:78:27-74
uses-sdk
INJECTED from src\main\AndroidManifest.xml reason: use-sdk injection requested
INJECTED from src\main\AndroidManifest.xml
INJECTED from src\main\AndroidManifest.xml
INJECTED from src\main\AndroidManifest.xml
INJECTED from src\main\AndroidManifest.xml
	android:targetSdkVersion
		INJECTED from src\main\AndroidManifest.xml
		ADDED from src\main\AndroidManifest.xml
		INJECTED from src\main\AndroidManifest.xml
	android:minSdkVersion
		INJECTED from src\main\AndroidManifest.xml
		ADDED from src\main\AndroidManifest.xml
		INJECTED from src\main\AndroidManifest.xml